{"level":"error","message":"处理文件 E:\\python_tool\\lakemind_to_xmind\\target\\时间轴.lakeboard 时发生错误: Cannot read properties of undefined (reading 'map')","service":"lake-to-json-service","stack":"TypeError: Cannot read properties of undefined (reading 'map')\n    at convertLakeMindToContent (file:///E:/python_tool/lakemind_to_xmind/script/convertLakeJsonToContentJson.js:121:8)\n    at processFile (file:///E:/python_tool/lakemind_to_xmind/script/convert_lakemind_to_xmind.js:183:21)","timestamp":"2024-06-21 11:28:59"}
{"level":"error","message":"Cannot read properties of undefined (reading 'map')","service":"lake-to-json-service","timestamp":"2024-06-21 13:14:47"}
{"level":"error","message":"Cannot read properties of undefined (reading 'map')","service":"lake-to-json-service","timestamp":"2024-06-21 13:14:47"}
{"level":"error","message":"处理文件 E:\\python_tool\\lakemind_to_xmind\\target\\旅游.lakeboard 时发生错误: Cannot read properties of undefined (reading 'map')","service":"lake-to-json-service","timestamp":"2024-06-21 13:16:29"}
{"level":"error","message":"处理文件 E:\\python_tool\\lakemind_to_xmind\\target\\时间轴.lakeboard 时发生错误: Cannot read properties of undefined (reading 'map')","service":"lake-to-json-service","timestamp":"2024-06-21 13:16:29"}
{"level":"error","message":"异常日志: 处理文件 E:\\python_tool\\lakemind_to_xmind\\target\\时间轴.lakeboard 时发生错误: Cannot read properties of undefined (reading 'map')","service":"lake-to-json-service","timestamp":"2024-06-21 13:22:09"}
{"level":"error","message":"异常日志: 处理文件 E:\\python_tool\\lakemind_to_xmind\\target\\旅游.lakeboard 时发生错误: Cannot read properties of undefined (reading 'map')","service":"lake-to-json-service","timestamp":"2024-06-21 13:22:09"}
{"level":"error","message":"异常日志: 处理文件 E:\\python_tool\\lakemind_to_xmind\\target\\旅游.lakeboard 时发生错误: Cannot read properties of undefined (reading 'map')","service":"lake-to-json-service","timestamp":"2024-06-21 14:05:48"}
{"level":"error","message":"异常日志: 处理文件 E:\\python_tool\\lakemind_to_xmind\\target\\时间轴.lakeboard 时发生错误: Cannot read properties of undefined (reading 'map')","service":"lake-to-json-service","timestamp":"2024-06-21 14:05:48"}
{"level":"error","message":"异常日志: 处理文件 E:\\python_tool\\lakemind_to_xmind\\target\\流程图.lakeboard 时发生错误: Cannot read properties of undefined (reading 'map')","service":"lake-to-json-service","timestamp":"2024-06-21 14:05:48"}
{"level":"error","message":"异常日志: 处理文件 E:\\python_tool\\lakemind_to_xmind\\target\\旅游.lakeboard 时发生错误: Cannot read properties of undefined (reading 'map')","service":"lake-to-json-service","timestamp":"2024-06-25 14:20:49"}
{"level":"error","message":"异常日志: 处理文件 E:\\python_tool\\lakemind_to_xmind\\target\\时间轴.lakeboard 时发生错误: Cannot read properties of undefined (reading 'map')","service":"lake-to-json-service","timestamp":"2024-06-25 14:20:49"}
{"level":"error","message":"异常日志: 处理文件 E:\\python_tool\\lakemind_to_xmind\\target\\流程图.lakeboard 时发生错误: Cannot read properties of undefined (reading 'map')","service":"lake-to-json-service","timestamp":"2024-06-25 14:20:49"}
{"level":"error","message":"异常日志: 处理文件 E:\\python_tool\\lakemind_to_xmind\\target\\旅游.lakeboard 时发生错误: Cannot read properties of undefined (reading 'map')","service":"lake-to-json-service","timestamp":"2024-06-25 14:21:22"}
{"level":"error","message":"异常日志: 处理文件 E:\\python_tool\\lakemind_to_xmind\\target\\时间轴.lakeboard 时发生错误: Cannot read properties of undefined (reading 'map')","service":"lake-to-json-service","timestamp":"2024-06-25 14:21:22"}
{"level":"error","message":"异常日志: 处理文件 E:\\python_tool\\lakemind_to_xmind\\target\\流程图.lakeboard 时发生错误: Cannot read properties of undefined (reading 'map')","service":"lake-to-json-service","timestamp":"2024-06-25 14:21:22"}
{"level":"error","message":"异常日志: 处理文件 E:\\python_tool\\lakemind_to_xmind\\target\\旅游.lakeboard 时发生错误: Cannot read properties of undefined (reading 'map')","service":"lake-to-json-service","timestamp":"2024-06-25 14:22:36"}
{"level":"error","message":"异常日志: 处理文件 E:\\python_tool\\lakemind_to_xmind\\target\\时间轴.lakeboard 时发生错误: Cannot read properties of undefined (reading 'map')","service":"lake-to-json-service","timestamp":"2024-06-25 14:22:36"}
{"level":"error","message":"异常日志: 处理文件 E:\\python_tool\\lakemind_to_xmind\\target\\流程图.lakeboard 时发生错误: Cannot read properties of undefined (reading 'map')","service":"lake-to-json-service","timestamp":"2024-06-25 14:22:36"}
{"level":"error","message":"异常日志: 处理文件 E:\\python_tool\\lakemind_to_xmind\\target\\浏览器.lakeboard 时发生错误: UNKNOWN: unknown error, open 'E:\\python_tool\\lakemind_to_xmind\\result\\output\\浏览器.xmind'","service":"lake-to-json-service","timestamp":"2024-06-25 14:38:30"}
{"level":"error","message":"异常日志: 处理文件 E:\\python_tool\\lakemind_to_xmind\\target\\浏览器.lakeboard 时发生错误: EPERM: operation not permitted, unlink 'E:\\python_tool\\lakemind_to_xmind\\result\\output\\浏览器.xmind'","service":"lake-to-json-service","timestamp":"2024-06-25 14:42:30"}
{"level":"error","message":"异常日志: 处理文件 E:\\python_tool\\lakemind_to_xmind\\target\\浏览器.lakeboard 时发生错误: EPERM: operation not permitted, unlink 'E:\\python_tool\\lakemind_to_xmind\\result\\output\\浏览器.xmind'","service":"lake-to-json-service","timestamp":"2024-06-25 14:46:16"}
{"level":"error","message":"异常日志: 处理文件 E:\\python_tool\\lakemind_to_xmind\\target\\浏览器.lakeboard 时发生错误: Assignment to constant variable.","service":"lake-to-json-service","timestamp":"2024-06-25 14:52:38"}
{"level":"error","message":"异常日志: 处理文件 E:\\python_tool\\lakemind_to_xmind\\target\\浏览器.lakeboard 时发生错误: EPERM: operation not permitted, unlink 'E:\\python_tool\\lakemind_to_xmind\\result\\output\\浏览器.xmind'","service":"lake-to-json-service","timestamp":"2024-06-25 14:53:52"}
{"level":"error","message":"异常日志: 处理文件 E:\\python_tool\\lakemind_to_xmind\\target\\旅游.lakeboard 时发生错误: Cannot read properties of undefined (reading 'map')","service":"lake-to-json-service","timestamp":"2024-06-25 14:59:23"}
{"level":"error","message":"异常日志: 处理文件 E:\\python_tool\\lakemind_to_xmind\\target\\时间轴.lakeboard 时发生错误: Cannot read properties of undefined (reading 'map')","service":"lake-to-json-service","timestamp":"2024-06-25 14:59:23"}
{"level":"error","message":"异常日志: 处理文件 E:\\python_tool\\lakemind_to_xmind\\target\\流程图.lakeboard 时发生错误: Cannot read properties of undefined (reading 'map')","service":"lake-to-json-service","timestamp":"2024-06-25 14:59:23"}
{"level":"error","message":"异常日志: 处理文件 E:\\python_tool\\lakemind_to_xmind\\target\\旅游.lakeboard 时发生错误: Cannot read properties of undefined (reading 'map')","service":"lake-to-json-service","timestamp":"2024-06-25 14:59:44"}
{"level":"error","message":"异常日志: 处理文件 E:\\python_tool\\lakemind_to_xmind\\target\\时间轴.lakeboard 时发生错误: Cannot read properties of undefined (reading 'map')","service":"lake-to-json-service","timestamp":"2024-06-25 14:59:44"}
{"level":"error","message":"异常日志: 处理文件 E:\\python_tool\\lakemind_to_xmind\\target\\流程图.lakeboard 时发生错误: Cannot read properties of undefined (reading 'map')","service":"lake-to-json-service","timestamp":"2024-06-25 14:59:44"}
